c:\users\dheeraj sejwani\documents\visual studio 2015\projects\app2\debug\app2\app2.winmd
c:\users\dheeraj sejwani\documents\visual studio 2015\projects\app2\debug\app2\app2.lib
c:\users\dheeraj sejwani\documents\visual studio 2015\projects\app2\debug\app2\app2.exp
c:\users\dheeraj sejwani\documents\visual studio 2015\projects\app2\app2\debug\app2.vcxprojresolveassemblyreference.cache
c:\users\dheeraj sejwani\documents\visual studio 2015\projects\app2\app2\generated files\app.g.h
c:\users\dheeraj sejwani\documents\visual studio 2015\projects\app2\app2\generated files\mainpage.g.h
c:\users\dheeraj sejwani\documents\visual studio 2015\projects\app2\app2\generated files\xamllibmetadataprovider.g.cpp
c:\users\dheeraj sejwani\documents\visual studio 2015\projects\app2\app2\generated files\xamltypeinfo.impl.g.cpp
c:\users\dheeraj sejwani\documents\visual studio 2015\projects\app2\app2\generated files\app.xaml
c:\users\dheeraj sejwani\documents\visual studio 2015\projects\app2\app2\generated files\mainpage.xaml
c:\users\dheeraj sejwani\documents\visual studio 2015\projects\app2\app2\generated files\app.xbf
c:\users\dheeraj sejwani\documents\visual studio 2015\projects\app2\app2\generated files\mainpage.xbf
c:\users\dheeraj sejwani\documents\visual studio 2015\projects\app2\app2\debug\xamlsavestatefile.xml
c:\users\dheeraj sejwani\documents\visual studio 2015\projects\app2\app2\generated files\xamltypeinfo.g.cpp
c:\users\dheeraj sejwani\documents\visual studio 2015\projects\app2\debug\app2\app.xbf
c:\users\dheeraj sejwani\documents\visual studio 2015\projects\app2\debug\app2\mainpage.xbf
c:\users\dheeraj sejwani\documents\visual studio 2015\projects\app2\app2\debug\resourcehandlingtask.state
c:\users\dheeraj sejwani\documents\visual studio 2015\projects\app2\app2\debug\priconfig.xml
c:\users\dheeraj sejwani\documents\visual studio 2015\projects\app2\app2\debug\priconfig.xml.intermediate
c:\users\dheeraj sejwani\documents\visual studio 2015\projects\app2\app2\debug\layout.resfiles
c:\users\dheeraj sejwani\documents\visual studio 2015\projects\app2\app2\debug\layout.resfiles.intermediate
c:\users\dheeraj sejwani\documents\visual studio 2015\projects\app2\app2\debug\resources.resfiles
c:\users\dheeraj sejwani\documents\visual studio 2015\projects\app2\app2\debug\resources.resfiles.intermediate
c:\users\dheeraj sejwani\documents\visual studio 2015\projects\app2\app2\debug\pri.resfiles
c:\users\dheeraj sejwani\documents\visual studio 2015\projects\app2\app2\debug\pri.resfiles.intermediate
c:\users\dheeraj sejwani\documents\visual studio 2015\projects\app2\debug\app2\resources.pri
c:\users\dheeraj sejwani\documents\visual studio 2015\projects\app2\app2\debug\qualifiers.txt
c:\users\dheeraj sejwani\documents\visual studio 2015\projects\app2\app2\debug\qualifiers.txt.intermediate
c:\users\dheeraj sejwani\documents\visual studio 2015\projects\app2\app2\debug\multiplequalifiersperdimensionfound.txt
c:\users\dheeraj sejwani\documents\visual studio 2015\projects\app2\app2\debug\projectarchitectures.txt
c:\users\dheeraj sejwani\documents\visual studio 2015\projects\app2\debug\app2\appxmanifest.xml
c:\users\dheeraj sejwani\documents\visual studio 2015\projects\app2\debug\app2\app2.build.appxrecipe
c:\users\ishank\documents\visual studio 2015\projects\app2\app2\debug\vc140.pdb
c:\users\dheeraj sejwani\documents\visual studio 2015\projects\app2\app2\debug\app2.pch
c:\users\dheeraj sejwani\documents\visual studio 2015\projects\app2\app2\debug\vc140.pdb
c:\users\dheeraj sejwani\documents\visual studio 2015\projects\app2\app2\debug\vc140.idb
c:\users\dheeraj sejwani\documents\visual studio 2015\projects\app2\app2\debug\pch.obj
c:\users\dheeraj sejwani\documents\visual studio 2015\projects\app2\app2\debug\mainpage.xaml.obj
c:\users\dheeraj sejwani\documents\visual studio 2015\projects\app2\app2\debug\app.xaml.obj
c:\users\dheeraj sejwani\documents\visual studio 2015\projects\app2\app2\debug\xamltypeinfo.impl.g.obj
c:\users\dheeraj sejwani\documents\visual studio 2015\projects\app2\app2\debug\xamltypeinfo.g.obj
c:\users\ishank\documents\visual studio 2015\projects\app2\app2\debug\app2.tlog\app2.winmd.lastbuild
c:\users\ishank\documents\visual studio 2015\projects\app2\debug\app2\app2.ilk
c:\users\ishank\documents\visual studio 2015\projects\app2\debug\app2\app2.exe
c:\users\ishank\documents\visual studio 2015\projects\app2\debug\app2\app2.pdb
c:\users\dheeraj sejwani\documents\visual studio 2015\projects\app2\app2\debug\app2.tlog\app2.winmd.lastbuild
c:\users\dheeraj sejwani\documents\visual studio 2015\projects\app2\debug\app2\app2.ilk
c:\users\dheeraj sejwani\documents\visual studio 2015\projects\app2\debug\app2\app2.exe
c:\users\dheeraj sejwani\documents\visual studio 2015\projects\app2\debug\app2\app2.pdb
c:\users\dheeraj sejwani\documents\visual studio 2015\projects\app2\app2\debug\embed.resfiles
c:\users\dheeraj sejwani\documents\visual studio 2015\projects\app2\app2\debug\app2.tlog\app2.read.1u.tlog
c:\users\dheeraj sejwani\documents\visual studio 2015\projects\app2\app2\debug\app2.tlog\app2.write.1u.tlog
c:\users\dheeraj sejwani\documents\visual studio 2015\projects\app2\app2\debug\app2.tlog\cl.command.1.tlog
c:\users\dheeraj sejwani\documents\visual studio 2015\projects\app2\app2\debug\app2.tlog\cl.read.1.tlog
c:\users\dheeraj sejwani\documents\visual studio 2015\projects\app2\app2\debug\app2.tlog\cl.write.1.tlog
c:\users\dheeraj sejwani\documents\visual studio 2015\projects\app2\app2\debug\app2.tlog\link.command.1.tlog
c:\users\dheeraj sejwani\documents\visual studio 2015\projects\app2\app2\debug\app2.tlog\link.read.1.tlog
c:\users\dheeraj sejwani\documents\visual studio 2015\projects\app2\app2\debug\app2.tlog\link.write.1.tlog
c:\users\dheeraj sejwani\documents\visual studio 2015\projects\app2\app2\generated files\xamlbindinginfo.g.h
c:\users\dheeraj sejwani\documents\visual studio 2015\projects\app2\app2\generated files\xamltypeinfo.g.h
